<?xml version="1.0" encoding="UTF-8" standalone="no" ?>
<coverage branch-rate="NaN" branches-covered="NaN" branches-valid="NaN" complexity="NaN" line-rate="0.38889" lines-covered="35" lines-valid="90" timestamp="1745135385.1548" version="">
  <sources>
    <source>/home/runner/work/univaq-intro-to-matlab-final-project/univaq-intro-to-matlab-final-project/utils/</source>
  </sources>
  <packages>
    <package branch-rate="NaN" complexity="NaN" line-rate="0.38889" name="">
      <classes>
        <class branch-rate="NaN" complexity="NaN" filename="audio_plot.m" line-rate="0" name="audio_plot">
          <methods/>
          <lines>
            <line hits="0" number="16"/>
            <line hits="0" number="17"/>
            <line hits="0" number="21"/>
            <line hits="0" number="22"/>
            <line hits="0" number="26"/>
            <line hits="0" number="27"/>
            <line hits="0" number="31"/>
            <line hits="0" number="32"/>
            <line hits="0" number="35"/>
            <line hits="0" number="38"/>
            <line hits="0" number="40"/>
            <line hits="0" number="43"/>
            <line hits="0" number="44"/>
            <line hits="0" number="47"/>
            <line hits="0" number="50"/>
            <line hits="0" number="53"/>
            <line hits="0" number="54"/>
            <line hits="0" number="55"/>
            <line hits="0" number="58"/>
            <line hits="0" number="62"/>
            <line hits="0" number="65"/>
          </lines>
        </class>
        <class branch-rate="NaN" complexity="NaN" filename="extendVectors.m" line-rate="0.64" name="extendVectors">
          <methods/>
          <lines>
            <line hits="9" number="28"/>
            <line hits="1" number="29"/>
            <line hits="8" number="33"/>
            <line hits="1" number="35"/>
            <line hits="1" number="36"/>
            <line hits="0" number="37"/>
            <line hits="0" number="38"/>
            <line hits="0" number="40"/>
            <line hits="8" number="44"/>
            <line hits="0" number="46"/>
            <line hits="0" number="47"/>
            <line hits="0" number="48"/>
            <line hits="0" number="49"/>
            <line hits="0" number="51"/>
            <line hits="8" number="56"/>
            <line hits="8" number="57"/>
            <line hits="8" number="58"/>
            <line hits="8" number="61"/>
            <line hits="3" number="62"/>
            <line hits="3" number="63"/>
            <line hits="0" number="65"/>
            <line hits="8" number="69"/>
            <line hits="3" number="70"/>
            <line hits="1" number="71"/>
            <line hits="2" number="73"/>
          </lines>
        </class>
        <class branch-rate="NaN" complexity="NaN" filename="fun.m" line-rate="0.86364" name="fun">
          <methods/>
          <lines>
            <line hits="9" number="21"/>
            <line hits="0" number="22"/>
            <line hits="9" number="26"/>
            <line hits="2" number="27"/>
            <line hits="7" number="30"/>
            <line hits="0" number="31"/>
            <line hits="7" number="35"/>
            <line hits="0" number="36"/>
            <line hits="7" number="40"/>
            <line hits="3" number="41"/>
            <line hits="7" number="44"/>
            <line hits="1" number="45"/>
            <line hits="6" number="50"/>
            <line hits="3" number="51"/>
            <line hits="3" number="54"/>
            <line hits="1" number="55"/>
            <line hits="1" number="56"/>
            <line hits="1" number="57"/>
            <line hits="1" number="58"/>
            <line hits="1" number="59"/>
            <line hits="2" number="61"/>
            <line hits="2" number="62"/>
          </lines>
        </class>
        <class branch-rate="NaN" complexity="NaN" filename="read_audio.m" line-rate="0" name="read_audio">
          <methods/>
          <lines>
            <line hits="0" number="18"/>
            <line hits="0" number="19"/>
            <line hits="0" number="22"/>
            <line hits="0" number="23"/>
            <line hits="0" number="24"/>
            <line hits="0" number="27"/>
            <line hits="0" number="28"/>
            <line hits="0" number="33"/>
            <line hits="0" number="34"/>
            <line hits="0" number="37"/>
            <line hits="0" number="39"/>
            <line hits="0" number="41"/>
            <line hits="0" number="42"/>
            <line hits="0" number="44"/>
            <line hits="0" number="46"/>
            <line hits="0" number="50"/>
            <line hits="0" number="51"/>
            <line hits="0" number="53"/>
            <line hits="0" number="54"/>
            <line hits="0" number="56"/>
            <line hits="0" number="58"/>
            <line hits="0" number="59"/>
          </lines>
        </class>
      </classes>
    </package>
  </packages>
</coverage>
